<?xml version="1.0" encoding="UTF-8"?>
<coverage generated="1557746205682" clover="4.3.1">
   <project name="Two heaps game 1.0-SNAPSHOT" timestamp="0">
      <metrics coveredelements="0" complexity="76" loc="885" methods="45" classes="11" statements="225" packages="5" coveredconditionals="0" coveredmethods="0" elements="308" ncloc="593" files="11" conditionals="38" coveredstatements="0"/>
      <package name="game">
         <metrics coveredelements="0" complexity="50" loc="480" methods="23" classes="3" statements="181" coveredconditionals="0" coveredmethods="0" elements="234" ncloc="399" files="3" conditionals="30" coveredstatements="0"/>
         <file path="/home/bablan/Dokumentumok/swe/Projekt2.0/src/main/java/game/Controller.java" name="Controller.java">
            <metrics coveredelements="0" coveredconditionals="0" complexity="47" loc="439" coveredmethods="0" methods="20" elements="224" classes="1" ncloc="367" statements="174" conditionals="30" coveredstatements="0"/>
            <class name="Controller">
               <metrics coveredelements="0" coveredconditionals="0" complexity="47" coveredmethods="0" methods="20" elements="224" statements="174" conditionals="30" coveredstatements="0"/>
            </class>
            <line complexity="2" visibility="public" signature="saveGame() : void" num="112" count="0" type="method"/>
            <line num="114" count="0" type="stmt"/>
            <line num="116" count="0" type="stmt"/>
            <line num="117" count="0" type="stmt"/>
            <line num="119" count="0" type="stmt"/>
            <line num="120" count="0" type="stmt"/>
            <line num="122" count="0" type="stmt"/>
            <line falsecount="0" truecount="0" num="122" type="cond"/>
            <line num="123" count="0" type="stmt"/>
            <line num="125" count="0" type="stmt"/>
            <line num="127" count="0" type="stmt"/>
            <line num="129" count="0" type="stmt"/>
            <line complexity="1" visibility="public" signature="exitGame() : void" num="132" count="0" type="method"/>
            <line num="134" count="0" type="stmt"/>
            <line num="135" count="0" type="stmt"/>
            <line num="136" count="0" type="stmt"/>
            <line num="137" count="0" type="stmt"/>
            <line num="138" count="0" type="stmt"/>
            <line num="139" count="0" type="stmt"/>
            <line num="140" count="0" type="stmt"/>
            <line num="141" count="0" type="stmt"/>
            <line num="142" count="0" type="stmt"/>
            <line num="143" count="0" type="stmt"/>
            <line num="145" count="0" type="stmt"/>
            <line num="146" count="0" type="stmt"/>
            <line complexity="1" visibility="private" signature="goBack() : void" num="149" count="0" type="method"/>
            <line num="151" count="0" type="stmt"/>
            <line num="152" count="0" type="stmt"/>
            <line complexity="1" visibility="public" signature="closeGame() : void" num="155" count="0" type="method"/>
            <line num="157" count="0" type="stmt"/>
            <line complexity="1" visibility="public" signature="showMainMenu() : void" num="160" count="0" type="method"/>
            <line num="162" count="0" type="stmt"/>
            <line num="163" count="0" type="stmt"/>
            <line num="164" count="0" type="stmt"/>
            <line num="165" count="0" type="stmt"/>
            <line complexity="1" visibility="public" signature="showHelp() : void" num="168" count="0" type="method"/>
            <line num="170" count="0" type="stmt"/>
            <line num="171" count="0" type="stmt"/>
            <line complexity="2" visibility="public" signature="activateHeap1() : void" num="174" count="0" type="method"/>
            <line num="176" count="0" type="stmt"/>
            <line num="178" count="0" type="stmt"/>
            <line falsecount="0" truecount="0" num="178" type="cond"/>
            <line num="179" count="0" type="stmt"/>
            <line num="181" count="0" type="stmt"/>
            <line num="183" count="0" type="stmt"/>
            <line complexity="2" visibility="public" signature="activateHeap2() : void" num="186" count="0" type="method"/>
            <line num="188" count="0" type="stmt"/>
            <line num="190" count="0" type="stmt"/>
            <line falsecount="0" truecount="0" num="190" type="cond"/>
            <line num="191" count="0" type="stmt"/>
            <line num="193" count="0" type="stmt"/>
            <line num="195" count="0" type="stmt"/>
            <line complexity="15" visibility="public" signature="takeRocks() : void" num="198" count="0" type="method"/>
            <line num="200" count="0" type="stmt"/>
            <line num="202" count="0" type="stmt"/>
            <line num="203" count="0" type="stmt"/>
            <line num="204" count="0" type="stmt"/>
            <line num="206" count="0" type="stmt"/>
            <line num="209" count="0" type="stmt"/>
            <line falsecount="0" truecount="0" num="209" type="cond"/>
            <line num="210" count="0" type="stmt"/>
            <line num="211" count="0" type="stmt"/>
            <line num="214" count="0" type="stmt"/>
            <line falsecount="0" truecount="0" num="214" type="cond"/>
            <line num="215" count="0" type="stmt"/>
            <line num="217" count="0" type="stmt"/>
            <line falsecount="0" truecount="0" num="217" type="cond"/>
            <line num="218" count="0" type="stmt"/>
            <line num="219" count="0" type="stmt"/>
            <line num="222" count="0" type="stmt"/>
            <line num="223" count="0" type="stmt"/>
            <line num="224" count="0" type="stmt"/>
            <line num="225" count="0" type="stmt"/>
            <line num="226" count="0" type="stmt"/>
            <line num="228" count="0" type="stmt"/>
            <line num="232" count="0" type="stmt"/>
            <line falsecount="0" truecount="0" num="232" type="cond"/>
            <line num="233" count="0" type="stmt"/>
            <line num="235" count="0" type="stmt"/>
            <line falsecount="0" truecount="0" num="235" type="cond"/>
            <line num="236" count="0" type="stmt"/>
            <line num="237" count="0" type="stmt"/>
            <line num="240" count="0" type="stmt"/>
            <line num="241" count="0" type="stmt"/>
            <line num="242" count="0" type="stmt"/>
            <line num="244" count="0" type="stmt"/>
            <line num="248" count="0" type="stmt"/>
            <line falsecount="0" truecount="0" num="248" type="cond"/>
            <line num="249" count="0" type="stmt"/>
            <line num="251" count="0" type="stmt"/>
            <line falsecount="0" truecount="0" num="251" type="cond"/>
            <line num="252" count="0" type="stmt"/>
            <line num="253" count="0" type="stmt"/>
            <line num="256" count="0" type="stmt"/>
            <line num="257" count="0" type="stmt"/>
            <line num="258" count="0" type="stmt"/>
            <line num="260" count="0" type="stmt"/>
            <line num="264" count="0" type="stmt"/>
            <line falsecount="0" truecount="0" num="264" type="cond"/>
            <line num="265" count="0" type="stmt"/>
            <line num="266" count="0" type="stmt"/>
            <line num="268" count="0" type="stmt"/>
            <line num="272" count="0" type="stmt"/>
            <line complexity="1" visibility="private" signature="refreshGamer(String,String) : void" num="276" count="0" type="method"/>
            <line num="277" count="0" type="stmt"/>
            <line num="279" count="0" type="stmt"/>
            <line num="280" count="0" type="stmt"/>
            <line num="281" count="0" type="stmt"/>
            <line num="283" count="0" type="stmt"/>
            <line num="284" count="0" type="stmt"/>
            <line complexity="4" visibility="private" signature="isWinSituation() : void" num="287" count="0" type="method"/>
            <line num="288" count="0" type="stmt"/>
            <line falsecount="0" truecount="0" num="288" type="cond"/>
            <line num="289" count="0" type="stmt"/>
            <line num="291" count="0" type="stmt"/>
            <line falsecount="0" truecount="0" num="291" type="cond"/>
            <line num="292" count="0" type="stmt"/>
            <line num="294" count="0" type="stmt"/>
            <line num="297" count="0" type="stmt"/>
            <line num="299" count="0" type="stmt"/>
            <line num="302" count="0" type="stmt"/>
            <line num="304" count="0" type="stmt"/>
            <line num="305" count="0" type="stmt"/>
            <line complexity="1" visibility="public" signature="newGame() : void" num="309" count="0" type="method"/>
            <line num="311" count="0" type="stmt"/>
            <line num="312" count="0" type="stmt"/>
            <line complexity="7" visibility="public" signature="saveInputData() : void" num="315" count="0" type="method"/>
            <line num="317" count="0" type="stmt"/>
            <line num="318" count="0" type="stmt"/>
            <line num="319" count="0" type="stmt"/>
            <line num="320" count="0" type="stmt"/>
            <line num="321" count="0" type="stmt"/>
            <line num="323" count="0" type="stmt"/>
            <line num="325" count="0" type="stmt"/>
            <line falsecount="0" truecount="0" num="325" type="cond"/>
            <line num="326" count="0" type="stmt"/>
            <line num="327" count="0" type="stmt"/>
            <line num="330" count="0" type="stmt"/>
            <line num="331" count="0" type="stmt"/>
            <line num="332" count="0" type="stmt"/>
            <line num="333" count="0" type="stmt"/>
            <line num="334" count="0" type="stmt"/>
            <line num="335" count="0" type="stmt"/>
            <line num="336" count="0" type="stmt"/>
            <line num="338" count="0" type="stmt"/>
            <line complexity="1" visibility="public" signature="cancelNewGame() : void" num="343" count="0" type="method"/>
            <line num="345" count="0" type="stmt"/>
            <line num="346" count="0" type="stmt"/>
            <line num="347" count="0" type="stmt"/>
            <line complexity="1" visibility="public" signature="loadGame() : void" num="350" count="0" type="method"/>
            <line num="352" count="0" type="stmt"/>
            <line num="354" count="0" type="stmt"/>
            <line num="355" count="0" type="stmt"/>
            <line num="357" count="0" type="stmt"/>
            <line num="358" count="0" type="stmt"/>
            <line num="359" count="0" type="stmt"/>
            <line num="360" count="0" type="stmt"/>
            <line num="361" count="0" type="stmt"/>
            <line num="363" count="0" type="stmt"/>
            <line complexity="2" visibility="public" signature="loadSelectedGame() : void" num="366" count="0" type="method"/>
            <line num="368" count="0" type="stmt"/>
            <line num="370" count="0" type="stmt"/>
            <line num="371" count="0" type="stmt"/>
            <line num="372" count="0" type="stmt"/>
            <line num="373" count="0" type="stmt"/>
            <line num="374" count="0" type="stmt"/>
            <line falsecount="0" truecount="0" num="374" type="cond"/>
            <line num="375" count="0" type="stmt"/>
            <line num="376" count="0" type="stmt"/>
            <line num="379" count="0" type="stmt"/>
            <line num="380" count="0" type="stmt"/>
            <line num="384" count="0" type="stmt"/>
            <line num="385" count="0" type="stmt"/>
            <line num="386" count="0" type="stmt"/>
            <line num="387" count="0" type="stmt"/>
            <line num="388" count="0" type="stmt"/>
            <line num="389" count="0" type="stmt"/>
            <line num="390" count="0" type="stmt"/>
            <line num="392" count="0" type="stmt"/>
            <line complexity="1" visibility="public" signature="showLeaderboard() : void" num="395" count="0" type="method"/>
            <line num="397" count="0" type="stmt"/>
            <line num="399" count="0" type="stmt"/>
            <line num="400" count="0" type="stmt"/>
            <line num="401" count="0" type="stmt"/>
            <line num="402" count="0" type="stmt"/>
            <line num="404" count="0" type="stmt"/>
            <line num="405" count="0" type="stmt"/>
            <line complexity="1" visibility="private" signature="changePlayer() : void" num="408" count="0" type="method"/>
            <line num="409" count="0" type="stmt"/>
            <line num="410" count="0" type="stmt"/>
            <line num="412" count="0" type="stmt"/>
            <line num="413" count="0" type="stmt"/>
            <line complexity="1" visibility="private" signature="showErrorMessage2(String) : void" num="416" count="0" type="method"/>
            <line num="417" count="0" type="stmt"/>
            <line num="418" count="0" type="stmt"/>
            <line complexity="1" visibility="public" signature="initialize(URL,ResourceBundle) : void" num="421" count="0" type="method"/>
            <line num="422" count="0" type="stmt"/>
            <line num="424" count="0" type="stmt"/>
            <line num="425" count="0" type="stmt"/>
            <line num="426" count="0" type="stmt"/>
            <line num="427" count="0" type="stmt"/>
            <line num="429" count="0" type="stmt"/>
            <line num="430" count="0" type="stmt"/>
            <line num="431" count="0" type="stmt"/>
            <line num="432" count="0" type="stmt"/>
            <line num="433" count="0" type="stmt"/>
            <line num="434" count="0" type="stmt"/>
            <line num="435" count="0" type="stmt"/>
            <line num="437" count="0" type="stmt"/>
         </file>
         <file path="/home/bablan/Dokumentumok/swe/Projekt2.0/src/main/java/game/MainClass.java" name="MainClass.java">
            <metrics coveredelements="0" coveredconditionals="0" complexity="2" loc="34" coveredmethods="0" methods="2" elements="8" classes="1" ncloc="26" statements="6" conditionals="0" coveredstatements="0"/>
            <class name="MainClass">
               <metrics coveredelements="0" coveredconditionals="0" complexity="2" coveredmethods="0" methods="2" elements="8" statements="6" conditionals="0" coveredstatements="0"/>
            </class>
            <line complexity="1" visibility="public" signature="start(Stage) : void" num="21" count="0" type="method"/>
            <line num="23" count="0" type="stmt"/>
            <line num="24" count="0" type="stmt"/>
            <line num="25" count="0" type="stmt"/>
            <line num="26" count="0" type="stmt"/>
            <line num="27" count="0" type="stmt"/>
            <line complexity="1" visibility="public" signature="main(String[]) : void" num="31" count="0" type="method"/>
            <line num="32" count="0" type="stmt"/>
         </file>
         <file path="/home/bablan/Dokumentumok/swe/Projekt2.0/src/main/java/game/Runnable.java" name="Runnable.java">
            <metrics coveredelements="0" coveredconditionals="0" complexity="1" loc="7" coveredmethods="0" methods="1" elements="2" classes="1" ncloc="6" statements="1" conditionals="0" coveredstatements="0"/>
            <class name="Runnable">
               <metrics coveredelements="0" coveredconditionals="0" complexity="1" coveredmethods="0" methods="1" elements="2" statements="1" conditionals="0" coveredstatements="0"/>
            </class>
            <line complexity="1" visibility="public" signature="main(String[]) : void" num="4" count="0" type="method"/>
            <line num="5" count="0" type="stmt"/>
         </file>
      </package>
      <package name="database.gamer">
         <metrics coveredelements="0" complexity="1" loc="53" methods="1" classes="2" statements="1" coveredconditionals="0" coveredmethods="0" elements="2" ncloc="29" files="2" conditionals="0" coveredstatements="0"/>
         <file path="/home/bablan/Dokumentumok/swe/Projekt2.0/src/main/java/database/gamer/Gamer.java" name="Gamer.java">
            <metrics coveredelements="0" coveredconditionals="0" complexity="0" loc="39" coveredmethods="0" methods="0" elements="0" classes="1" ncloc="23" statements="0" conditionals="0" coveredstatements="0"/>
            <class name="Gamer">
               <metrics coveredelements="0" coveredconditionals="0" complexity="0" coveredmethods="0" methods="0" elements="0" statements="0" conditionals="0" coveredstatements="0"/>
            </class>
         </file>
         <file path="/home/bablan/Dokumentumok/swe/Projekt2.0/src/main/java/database/gamer/GamerDao.java" name="GamerDao.java">
            <metrics coveredelements="0" coveredconditionals="0" complexity="1" loc="14" coveredmethods="0" methods="1" elements="2" classes="1" ncloc="6" statements="1" conditionals="0" coveredstatements="0"/>
            <class name="GamerDao">
               <metrics coveredelements="0" coveredconditionals="0" complexity="1" coveredmethods="0" methods="1" elements="2" statements="1" conditionals="0" coveredstatements="0"/>
            </class>
            <line complexity="1" visibility="public" signature="GamerDao()" num="10" count="0" type="method"/>
            <line num="11" count="0" type="stmt"/>
         </file>
      </package>
      <package name="database.jpa">
         <metrics coveredelements="0" complexity="21" loc="243" methods="17" classes="2" statements="38" coveredconditionals="0" coveredmethods="0" elements="63" ncloc="105" files="2" conditionals="8" coveredstatements="0"/>
         <file path="/home/bablan/Dokumentumok/swe/Projekt2.0/src/main/java/database/jpa/DBTools.java" name="DBTools.java">
            <metrics coveredelements="0" coveredconditionals="0" complexity="13" loc="135" coveredmethods="0" methods="9" elements="46" classes="1" ncloc="63" statements="29" conditionals="8" coveredstatements="0"/>
            <class name="DBTools">
               <metrics coveredelements="0" coveredconditionals="0" complexity="13" coveredmethods="0" methods="9" elements="46" statements="29" conditionals="8" coveredstatements="0"/>
            </class>
            <line complexity="1" visibility="public" signature="DBTools(Gamer)" num="25" count="0" type="method"/>
            <line num="26" count="0" type="stmt"/>
            <line num="27" count="0" type="stmt"/>
            <line complexity="1" visibility="public" signature="DBTools(SaveGame)" num="34" count="0" type="method"/>
            <line num="35" count="0" type="stmt"/>
            <line num="36" count="0" type="stmt"/>
            <line complexity="3" visibility="public" signature="addGamer(Gamer) : void" num="56" count="0" type="method"/>
            <line num="57" count="0" type="stmt"/>
            <line num="59" count="0" type="stmt"/>
            <line num="60" count="0" type="stmt"/>
            <line falsecount="0" truecount="0" num="60" type="cond"/>
            <line num="61" count="0" type="stmt"/>
            <line num="63" count="0" type="stmt"/>
            <line falsecount="0" truecount="0" num="63" type="cond"/>
            <line num="64" count="0" type="stmt"/>
            <line num="65" count="0" type="stmt"/>
            <line complexity="2" visibility="public" signature="updateGamer(Gamer) : void" num="72" count="0" type="method"/>
            <line num="73" count="0" type="stmt"/>
            <line num="75" count="0" type="stmt"/>
            <line num="76" count="0" type="stmt"/>
            <line falsecount="0" truecount="0" num="76" type="cond"/>
            <line num="77" count="0" type="stmt"/>
            <line num="79" count="0" type="stmt"/>
            <line num="80" count="0" type="stmt"/>
            <line num="82" count="0" type="stmt"/>
            <line complexity="1" visibility="public" signature="saveGame(SaveGame) : void" num="89" count="0" type="method"/>
            <line num="90" count="0" type="stmt"/>
            <line complexity="2" visibility="public" signature="loadGame(int) : SaveGame" num="98" count="0" type="method"/>
            <line num="99" count="0" type="stmt"/>
            <line num="100" count="0" type="stmt"/>
            <line num="102" count="0" type="stmt"/>
            <line num="103" count="0" type="stmt"/>
            <line falsecount="0" truecount="0" num="103" type="cond"/>
            <line num="104" count="0" type="stmt"/>
            <line num="106" count="0" type="stmt"/>
            <line num="108" count="0" type="stmt"/>
            <line complexity="1" visibility="public" signature="getTopPlayers() : List&lt;Gamer&gt;" num="115" count="0" type="method"/>
            <line num="116" count="0" type="stmt"/>
            <line complexity="1" visibility="public" signature="getScoreboard() : List&lt;Gamer&gt;" num="123" count="0" type="method"/>
            <line num="124" count="0" type="stmt"/>
            <line complexity="1" visibility="public" signature="getSaves() : List&lt;SaveGame&gt;" num="131" count="0" type="method"/>
            <line num="132" count="0" type="stmt"/>
         </file>
         <file path="/home/bablan/Dokumentumok/swe/Projekt2.0/src/main/java/database/jpa/GenericJpaDao.java" name="GenericJpaDao.java">
            <metrics coveredelements="0" coveredconditionals="0" complexity="8" loc="108" coveredmethods="0" methods="8" elements="17" classes="1" ncloc="42" statements="9" conditionals="0" coveredstatements="0"/>
            <class name="GenericJpaDao">
               <metrics coveredelements="0" coveredconditionals="0" complexity="8" coveredmethods="0" methods="8" elements="17" statements="9" conditionals="0" coveredstatements="0"/>
            </class>
            <line complexity="1" visibility="public" signature="GenericJpaDao(Class&lt;T&gt;)" num="30" count="0" type="method"/>
            <line num="31" count="0" type="stmt"/>
            <line complexity="1" visibility="public" signature="getEntityManager() : EntityManager" num="39" count="0" type="method"/>
            <line num="40" count="0" type="stmt"/>
            <line complexity="1" visibility="public" signature="setEntityManager(EntityManager) : void" num="48" count="0" type="method"/>
            <line num="50" count="0" type="stmt"/>
            <line complexity="1" visibility="public" signature="persist(T) : void" num="58" count="0" type="method"/>
            <line num="60" count="0" type="stmt"/>
            <line complexity="1" visibility="public" signature="find(Object) : Optional&lt;T&gt;" num="72" count="0" type="method"/>
            <line num="74" count="0" type="stmt"/>
            <line complexity="1" visibility="public" signature="findAll() : List&lt;T&gt;" num="82" count="0" type="method"/>
            <line num="84" count="0" type="stmt"/>
            <line num="85" count="0" type="stmt"/>
            <line complexity="1" visibility="public" signature="remove(T) : void" num="93" count="0" type="method"/>
            <line num="95" count="0" type="stmt"/>
            <line complexity="1" visibility="public" signature="update(T) : void" num="103" count="0" type="method"/>
            <line num="105" count="0" type="stmt"/>
         </file>
      </package>
      <package name="database.savegame">
         <metrics coveredelements="0" complexity="1" loc="72" methods="1" classes="2" statements="1" coveredconditionals="0" coveredmethods="0" elements="2" ncloc="35" files="2" conditionals="0" coveredstatements="0"/>
         <file path="/home/bablan/Dokumentumok/swe/Projekt2.0/src/main/java/database/savegame/SaveGame.java" name="SaveGame.java">
            <metrics coveredelements="0" coveredconditionals="0" complexity="0" loc="58" coveredmethods="0" methods="0" elements="0" classes="1" ncloc="29" statements="0" conditionals="0" coveredstatements="0"/>
            <class name="SaveGame">
               <metrics coveredelements="0" coveredconditionals="0" complexity="0" coveredmethods="0" methods="0" elements="0" statements="0" conditionals="0" coveredstatements="0"/>
            </class>
         </file>
         <file path="/home/bablan/Dokumentumok/swe/Projekt2.0/src/main/java/database/savegame/SaveGameDao.java" name="SaveGameDao.java">
            <metrics coveredelements="0" coveredconditionals="0" complexity="1" loc="14" coveredmethods="0" methods="1" elements="2" classes="1" ncloc="6" statements="1" conditionals="0" coveredstatements="0"/>
            <class name="SaveGameDao">
               <metrics coveredelements="0" coveredconditionals="0" complexity="1" coveredmethods="0" methods="1" elements="2" statements="1" conditionals="0" coveredstatements="0"/>
            </class>
            <line complexity="1" visibility="public" signature="SaveGameDao()" num="10" count="0" type="method"/>
            <line num="11" count="0" type="stmt"/>
         </file>
      </package>
      <package name="guice">
         <metrics coveredelements="0" complexity="3" loc="37" methods="3" classes="2" statements="4" coveredconditionals="0" coveredmethods="0" elements="7" ncloc="25" files="2" conditionals="0" coveredstatements="0"/>
         <file path="/home/bablan/Dokumentumok/swe/Projekt2.0/src/main/java/guice/JpaInitializer.java" name="JpaInitializer.java">
            <metrics coveredelements="0" coveredconditionals="0" complexity="1" loc="16" coveredmethods="0" methods="1" elements="2" classes="1" ncloc="11" statements="1" conditionals="0" coveredstatements="0"/>
            <class name="JpaInitializer">
               <metrics coveredelements="0" coveredconditionals="0" complexity="1" coveredmethods="0" methods="1" elements="2" statements="1" conditionals="0" coveredstatements="0"/>
            </class>
            <line complexity="1" visibility="public" signature="JpaInitializer(PersistService)" num="11" count="0" type="method"/>
            <line num="13" count="0" type="stmt"/>
         </file>
         <file path="/home/bablan/Dokumentumok/swe/Projekt2.0/src/main/java/guice/PersistenceModule.java" name="PersistenceModule.java">
            <metrics coveredelements="0" coveredconditionals="0" complexity="2" loc="21" coveredmethods="0" methods="2" elements="5" classes="1" ncloc="14" statements="3" conditionals="0" coveredstatements="0"/>
            <class name="PersistenceModule">
               <metrics coveredelements="0" coveredconditionals="0" complexity="2" coveredmethods="0" methods="2" elements="5" statements="3" conditionals="0" coveredstatements="0"/>
            </class>
            <line complexity="1" visibility="public" signature="PersistenceModule(String)" num="11" count="0" type="method"/>
            <line num="12" count="0" type="stmt"/>
            <line complexity="1" visibility="protected" signature="configure() : void" num="15" count="0" type="method"/>
            <line num="17" count="0" type="stmt"/>
            <line num="18" count="0" type="stmt"/>
         </file>
      </package>
   </project>
   <testproject name="Two heaps game 1.0-SNAPSHOT" timestamp="0">
      <metrics coveredelements="0" complexity="0" loc="0" methods="0" classes="0" statements="0" packages="0" coveredconditionals="0" coveredmethods="0" elements="0" ncloc="0" files="0" conditionals="0" coveredstatements="0"/>
   </testproject>
</coverage>